<?xml version="1.0" encoding="UTF-8"?>
<testng-results skipped="0" failed="0" ignored="0" total="1" passed="1">
  <reporter-output>
  </reporter-output>
  <suite name="Default suite" duration-ms="17979" started-at="2019-06-19T14:35:01Z" finished-at="2019-06-19T14:35:19Z">
    <groups>
    </groups>
    <test name="Default test" duration-ms="17979" started-at="2019-06-19T14:35:01Z" finished-at="2019-06-19T14:35:19Z">
      <class name="Basicselenium.seleniumclass3">
        <test-method status="PASS" signature="test()[pri:0, instance:Basicselenium.seleniumclass3@1a8a8f7c]" name="test" duration-ms="17919" started-at="2019-06-19T14:35:01Z" finished-at="2019-06-19T14:35:19Z">
          <reporter-output>
          </reporter-output>
        </test-method> <!-- test -->
      </class> <!-- Basicselenium.seleniumclass3 -->
    </test> <!-- Default test -->
  </suite> <!-- Default suite -->
</testng-results>
