<?xml version="1.0" encoding="UTF-8"?>
<testng-results skipped="0" failed="0" ignored="0" total="1" passed="1">
  <reporter-output>
  </reporter-output>
  <suite name="Default suite" duration-ms="25403" started-at="2019-06-21T15:56:48Z" finished-at="2019-06-21T15:57:13Z">
    <groups>
    </groups>
    <test name="Default test" duration-ms="25403" started-at="2019-06-21T15:56:48Z" finished-at="2019-06-21T15:57:13Z">
      <class name="testing">
        <test-method status="PASS" signature="hover()[pri:0, instance:testing@2ef5e5e3]" name="hover" duration-ms="25351" started-at="2019-06-21T15:56:48Z" finished-at="2019-06-21T15:57:13Z">
          <reporter-output>
          </reporter-output>
        </test-method> <!-- hover -->
      </class> <!-- testing -->
    </test> <!-- Default test -->
  </suite> <!-- Default suite -->
</testng-results>
