<?xml version="1.0" encoding="UTF-8"?>
<!-- Generated by org.testng.reporters.JUnitXMLReporter -->
<testsuite hostname="ISW42SLPC1091" ignored="0" name="Testng" tests="5" failures="0" timestamp="11 Jun 2019 15:22:42 GMT" time="0.1" errors="0">
  <testcase name="test2" time="0.012" classname="Testng.NewTest"/>
  <testcase name="test3" time="0.002" classname="Testng.NewTest"/>
  <testcase name="test4" time="0.002" classname="Testng.NewTest"/>
  <testcase name="first" time="0.005" classname="Testng.Class2"/>
  <testcase name="first2" time="0.006" classname="Testng.Class2"/>
</testsuite> <!-- Testng -->
