<?xml version="1.0" encoding="UTF-8"?>
<testng-results skipped="0" failed="0" total="3" passed="3">
  <reporter-output>
  </reporter-output>
  <suite name="Default suite" duration-ms="68" started-at="2019-06-10T15:12:33Z" finished-at="2019-06-10T15:12:33Z">
    <groups>
    </groups>
    <test name="Default test" duration-ms="68" started-at="2019-06-10T15:12:33Z" finished-at="2019-06-10T15:12:33Z">
      <class name="Testng.NewTest">
        <test-method status="PASS" signature="test1()[pri:0, instance:Testng.NewTest@9629756]" name="test1" duration-ms="24" started-at="2019-06-10T20:42:33Z" finished-at="2019-06-10T20:42:33Z">
          <reporter-output>
          </reporter-output>
        </test-method> <!-- test1 -->
        <test-method status="PASS" signature="test2()[pri:0, instance:Testng.NewTest@9629756]" name="test2" duration-ms="4" started-at="2019-06-10T20:42:33Z" finished-at="2019-06-10T20:42:33Z">
          <reporter-output>
          </reporter-output>
        </test-method> <!-- test2 -->
        <test-method status="PASS" signature="test3()[pri:0, instance:Testng.NewTest@9629756]" name="test3" duration-ms="0" started-at="2019-06-10T20:42:33Z" finished-at="2019-06-10T20:42:33Z">
          <reporter-output>
          </reporter-output>
        </test-method> <!-- test3 -->
      </class> <!-- Testng.NewTest -->
    </test> <!-- Default test -->
  </suite> <!-- Default suite -->
</testng-results>
