<?xml version="1.0" encoding="UTF-8"?>
<testng-results skipped="0" failed="0" ignored="0" total="1" passed="1">
  <reporter-output>
  </reporter-output>
  <suite name="Default suite" duration-ms="65958" started-at="2019-06-29T09:04:18Z" finished-at="2019-06-29T09:05:24Z">
    <groups>
    </groups>
    <test name="Default test" duration-ms="65958" started-at="2019-06-29T09:04:18Z" finished-at="2019-06-29T09:05:24Z">
      <class name="testing.TC_Login">
        <test-method status="PASS" signature="script()[pri:0, instance:testing.TC_Login@60285225]" name="script" duration-ms="65907" started-at="2019-06-29T09:04:18Z" finished-at="2019-06-29T09:05:24Z">
          <reporter-output>
          </reporter-output>
        </test-method> <!-- script -->
      </class> <!-- testing.TC_Login -->
    </test> <!-- Default test -->
  </suite> <!-- Default suite -->
</testng-results>
