<?xml version="1.0" encoding="UTF-8"?>
<!-- Generated by org.testng.reporters.JUnitXMLReporter -->
<testsuite hostname="ISW42SLPC1091" ignored="0" name="Test" tests="4" failures="0" timestamp="12 Jun 2019 15:53:22 GMT" time="0.097" errors="0">
  <testcase name="test1" time="0.012" classname="Anandclass.test2"/>
  <testcase name="test2" time="0.004" classname="Anandclass.test2"/>
  <testcase name="test3" time="0.008" classname="Anandclass.test3"/>
  <testcase name="test4" time="0.0" classname="Anandclass.test3"/>
</testsuite> <!-- Test -->
